<?xml version="1.0" encoding="UTF-8"?>
<!-- Generated by org.testng.reporters.JUnitReportReporter -->
<testsuite hostname="LAPTOP-PCE3CPOU" failures="0" tests="2" name="testng_basics.Working_On_Dataprovider" time="25.706" errors="0" timestamp="2023-06-05T11:53:34 IST" skipped="0">
  <testcase classname="testng_basics.Working_On_Dataprovider" name="register" time="11.779"/>
  <system-out/>
  <testcase classname="testng_basics.Working_On_Dataprovider" name="register" time="13.927"/>
  <system-out/>
</testsuite> <!-- testng_basics.Working_On_Dataprovider -->
