<?xml version="1.0" encoding="UTF-8"?>
<!-- Generated by org.testng.reporters.JUnitReportReporter -->
<testsuite hostname="LAPTOP-PCE3CPOU" failures="0" tests="10" name="testng_basics.Multiple_Execution" time="1312.104" errors="0" timestamp="2023-06-01T11:09:46 IST" skipped="0">
  <testcase classname="testng_basics.Multiple_Execution" name="LaunchBrowser" time="44.601"/>
  <system-out/>
  <testcase classname="testng_basics.Multiple_Execution" name="LaunchBrowser" time="241.343"/>
  <system-out/>
  <testcase classname="testng_basics.Multiple_Execution" name="LaunchBrowser" time="18.880"/>
  <system-out/>
  <testcase classname="testng_basics.Multiple_Execution" name="LaunchBrowser" time="249.980"/>
  <system-out/>
  <testcase classname="testng_basics.Multiple_Execution" name="LaunchBrowser" time="26.281"/>
  <system-out/>
  <testcase classname="testng_basics.Multiple_Execution" name="LaunchBrowser" time="208.350"/>
  <system-out/>
  <testcase classname="testng_basics.Multiple_Execution" name="LaunchBrowser" time="27.582"/>
  <system-out/>
  <testcase classname="testng_basics.Multiple_Execution" name="LaunchBrowser" time="44.632"/>
  <system-out/>
  <testcase classname="testng_basics.Multiple_Execution" name="LaunchBrowser" time="208.299"/>
  <system-out/>
  <testcase classname="testng_basics.Multiple_Execution" name="LaunchBrowser" time="242.156"/>
  <system-out/>
</testsuite> <!-- testng_basics.Multiple_Execution -->
