<?xml version="1.0" encoding="UTF-8"?>
<!-- Generated by org.testng.reporters.JUnitReportReporter -->
<testsuite hostname="LAPTOP-PCE3CPOU" failures="0" tests="1" name="testng_basics.Grouping_Testcases2" time="15.525" errors="0" timestamp="2023-06-01T12:13:23 IST" skipped="0">
  <testcase classname="testng_basics.Grouping_Testcases2" name="search" time="15.525"/>
  <system-out/>
</testsuite> <!-- testng_basics.Grouping_Testcases2 -->
