<?xml version="1.0" encoding="UTF-8"?>
<!-- Generated by org.testng.reporters.JUnitReportReporter -->
<testsuite hostname="LAPTOP-PCE3CPOU" failures="0" tests="1" name="testng_basics.Learning_Assertions" time="15.437" errors="0" timestamp="2023-06-12T11:17:36 IST" skipped="0">
  <testcase classname="testng_basics.Learning_Assertions" name="assertPractise" time="15.437"/>
  <system-out/>
</testsuite> <!-- testng_basics.Learning_Assertions -->
