<?xml version="1.0" encoding="UTF-8"?>
<!-- Generated by org.testng.reporters.JUnitReportReporter -->
<testsuite hostname="LAPTOP-PCE3CPOU" failures="0" tests="4" name="testng_basics.LoginTest_DataDriven" time="69.922" errors="0" timestamp="2023-06-09T12:59:17 IST" skipped="0">
  <testcase classname="testng_basics.LoginTest_DataDriven" name="loginTest" time="11.442"/>
  <system-out/>
  <testcase classname="testng_basics.LoginTest_DataDriven" name="loginTest" time="12.453"/>
  <system-out/>
  <testcase classname="testng_basics.LoginTest_DataDriven" name="loginTest" time="13.047"/>
  <system-out/>
  <testcase classname="testng_basics.LoginTest_DataDriven" name="loginTest" time="32.980"/>
  <system-out/>
</testsuite> <!-- testng_basics.LoginTest_DataDriven -->
