<?xml version="1.0" encoding="UTF-8"?>
<!-- Generated by org.testng.reporters.JUnitReportReporter -->
<testsuite hostname="LAPTOP-PCE3CPOU" failures="0" tests="1" name="seleniumbasics.TakeElementScreenShot" time="23.385" errors="0" timestamp="2023-06-13T09:56:56 IST" skipped="0">
  <testcase classname="seleniumbasics.TakeElementScreenShot" name="elementScreenShot" time="23.385"/>
  <system-out/>
</testsuite> <!-- seleniumbasics.TakeElementScreenShot -->
