<?xml version="1.0" encoding="UTF-8"?>
<!-- Generated by org.testng.reporters.JUnitReportReporter -->
<testsuite hostname="LAPTOP-PCE3CPOU" failures="0" tests="1" name="test_cases.DWS_CommunityPoll" time="0.802" errors="0" timestamp="2023-06-05T12:41:07 IST" skipped="0">
  <testcase classname="test_cases.DWS_CommunityPoll" name="communityPoll" time="0.802"/>
  <system-out/>
</testsuite> <!-- test_cases.DWS_CommunityPoll -->
