<?xml version="1.0" encoding="UTF-8"?>
<!-- Generated by org.testng.reporters.JUnitReportReporter -->
<testsuite hostname="LAPTOP-PCE3CPOU" failures="0" tests="2" name="test_cases.DWS_Search_TC" time="4.608" errors="0" timestamp="2023-06-05T12:41:07 IST" skipped="0">
  <testcase classname="test_cases.DWS_Search_TC" name="search" time="2.159"/>
  <system-out/>
  <testcase classname="test_cases.DWS_Search_TC" name="search" time="2.449"/>
  <system-out/>
</testsuite> <!-- test_cases.DWS_Search_TC -->
