<?xml version="1.0" encoding="UTF-8"?>
<!-- Generated by org.testng.reporters.JUnitReportReporter -->
<testsuite hostname="LAPTOP-PCE3CPOU" failures="0" tests="1" name="testng_basics.Working_With_Parameters" time="17.539" errors="0" timestamp="2023-06-02T12:33:19 IST" skipped="0">
  <testcase classname="testng_basics.Working_With_Parameters" name="parameters_basics" time="17.539"/>
  <system-out/>
</testsuite> <!-- testng_basics.Working_With_Parameters -->
