<?xml version="1.0" encoding="UTF-8"?>
<!-- Generated by org.testng.reporters.JUnitReportReporter -->
<testsuite hostname="LAPTOP-PCE3CPOU" failures="0" tests="1" name="seleniumbasics.TakeScreenShot" time="12.149" errors="0" timestamp="2023-06-12T12:00:10 IST" skipped="0">
  <testcase classname="seleniumbasics.TakeScreenShot" name="TakeScreenShot" time="12.149"/>
  <system-out/>
</testsuite> <!-- seleniumbasics.TakeScreenShot -->
