<?xml version="1.0" encoding="UTF-8"?>
<!-- Generated by org.testng.reporters.JUnitReportReporter -->
<testsuite hostname="LAPTOP-PCE3CPOU" failures="0" tests="3" name="testng_basics.Working_on_OrderOfExecution_Priority" time="0.107" errors="0" timestamp="2023-06-01T10:39:27 IST" skipped="0">
  <testcase classname="testng_basics.Working_on_OrderOfExecution_Priority" name="register" time="0.042"/>
  <system-out/>
  <testcase classname="testng_basics.Working_on_OrderOfExecution_Priority" name="login" time="0.016"/>
  <system-out/>
  <testcase classname="testng_basics.Working_on_OrderOfExecution_Priority" name="search" time="0.049"/>
  <system-out/>
</testsuite> <!-- testng_basics.Working_on_OrderOfExecution_Priority -->
