<?xml version="1.0" encoding="UTF-8"?>
<!-- Generated by org.testng.reporters.JUnitReportReporter -->
<testsuite hostname="LAPTOP-PCE3CPOU" failures="0" tests="3" name="testng_basics.WorkingOnOrderofExecution_Dependency" time="0.088" errors="0" timestamp="2023-06-01T10:42:28 IST" skipped="0">
  <testcase classname="testng_basics.WorkingOnOrderofExecution_Dependency" name="login" time="0.014"/>
  <system-out/>
  <testcase classname="testng_basics.WorkingOnOrderofExecution_Dependency" name="search" time="0.010"/>
  <system-out/>
  <testcase classname="testng_basics.WorkingOnOrderofExecution_Dependency" name="register" time="0.064"/>
  <system-out/>
</testsuite> <!-- testng_basics.WorkingOnOrderofExecution_Dependency -->
