<?xml version="1.0" encoding="UTF-8"?>
<!-- Generated by org.testng.reporters.JUnitReportReporter -->
<testsuite hostname="LAPTOP-PCE3CPOU" failures="0" tests="1" name="testng_basics.Learning_SoftAssert" time="26.174" errors="0" timestamp="2023-06-12T11:35:10 IST" skipped="0">
  <testcase classname="testng_basics.Learning_SoftAssert" name="softAssertPractise" time="26.174"/>
  <system-out/>
</testsuite> <!-- testng_basics.Learning_SoftAssert -->
