<?xml version="1.0" encoding="UTF-8"?>
<!-- Generated by org.testng.reporters.JUnitReportReporter -->
<testsuite hostname="LAPTOP-PCE3CPOU" failures="0" tests="2" name="test_cases.DWS_Registerpage" time="48.980" errors="0" timestamp="2023-06-05T12:41:07 IST" skipped="0">
  <testcase classname="test_cases.DWS_Registerpage" name="register" time="17.674"/>
  <system-out/>
  <testcase classname="test_cases.DWS_Registerpage" name="register" time="31.306"/>
  <system-out/>
</testsuite> <!-- test_cases.DWS_Registerpage -->
