<?xml version="1.0" encoding="UTF-8"?>
<!-- Generated by org.testng.reporters.JUnitReportReporter -->
<testsuite hostname="LAPTOP-PCE3CPOU" failures="0" tests="1" name="test_cases.DWS_Subscribe" time="0.943" errors="0" timestamp="2023-06-05T12:41:07 IST" skipped="0">
  <testcase classname="test_cases.DWS_Subscribe" name="subscribe" time="0.943"/>
  <system-out/>
</testsuite> <!-- test_cases.DWS_Subscribe -->
