<?xml version="1.0" encoding="UTF-8"?>
<!-- Generated by org.testng.reporters.JUnitReportReporter -->
<testsuite hostname="LAPTOP-PCE3CPOU" failures="0" tests="1" name="testng_basics.Include_Exclude" time="14.110" errors="0" timestamp="2023-06-01T11:53:33 IST" skipped="0">
  <testcase classname="testng_basics.Include_Exclude" name="communityPoll" time="14.110"/>
  <system-out/>
</testsuite> <!-- testng_basics.Include_Exclude -->
