<?xml version="1.0" encoding="UTF-8"?>
<!-- Generated by org.testng.reporters.JUnitReportReporter -->
<testsuite hostname="LAPTOP-PCE3CPOU" failures="0" tests="5" name="testng_basics.OrderOfExecution" time="0.106" errors="0" timestamp="2023-06-01T11:04:32 IST" skipped="0">
  <testcase classname="testng_basics.OrderOfExecution" name="a" time="0.012"/>
  <system-out/>
  <testcase classname="testng_basics.OrderOfExecution" name="Z" time="0.013"/>
  <system-out/>
  <testcase classname="testng_basics.OrderOfExecution" name="b" time="0.019"/>
  <system-out/>
  <testcase classname="testng_basics.OrderOfExecution" name="A" time="0.040"/>
  <system-out/>
  <testcase classname="testng_basics.OrderOfExecution" name="G" time="0.022"/>
  <system-out/>
</testsuite> <!-- testng_basics.OrderOfExecution -->
