<?xml version="1.0" encoding="UTF-8"?>
<!-- Generated by org.testng.reporters.JUnitReportReporter -->
<testsuite hostname="LAPTOP-PCE3CPOU" failures="0" tests="2" name="testng_basics.Working_with_TestNg" time="0.051" errors="0" timestamp="2023-05-30T11:58:19 IST" skipped="0">
  <testcase classname="testng_basics.Working_with_TestNg" name="demo" time="0.037"/>
  <system-out/>
  <testcase classname="testng_basics.Working_with_TestNg" name="demo1" time="0.014"/>
  <system-out/>
</testsuite> <!-- testng_basics.Working_with_TestNg -->
