<?xml version="1.0" encoding="UTF-8"?>
<!-- Generated by org.testng.reporters.JUnitReportReporter -->
<testsuite hostname="LAPTOP-PCE3CPOU" failures="0" tests="1" name="seleniumbasics.Working_JSExecutor_Scrolling" time="33.965" errors="0" timestamp="2023-06-13T11:47:29 IST" skipped="0">
  <testcase classname="seleniumbasics.Working_JSExecutor_Scrolling" name="Scrolling" time="33.965"/>
  <system-out/>
</testsuite> <!-- seleniumbasics.Working_JSExecutor_Scrolling -->
